#
# There is insufficient memory for the Java Runtime Environment to continue.
# Native memory allocation (mmap) failed to map 27262976 bytes for G1 virtual space
# Possible reasons:
#   The system is out of physical RAM or swap space
#   The process is running with CompressedOops enabled, and the Java Heap may be blocking the growth of the native heap
# Possible solutions:
#   Reduce memory load on the system
#   Increase physical memory or swap space
#   Check if swap backing store is full
#   Decrease Java heap size (-Xmx/-Xms)
#   Decrease number of Java threads
#   Decrease Java thread stack sizes (-Xss)
#   Set larger code cache with -XX:ReservedCodeCacheSize=
#   JVM is running with Unscaled Compressed Oops mode in which the Java heap is
#     placed in the first 4GB address space. The Java Heap base address is the
#     maximum limit for the native heap growth. Please use -XX:HeapBaseMinAddress
#     to set the Java Heap base and to place the Java Heap above 4GB virtual address.
# This output file may be truncated or incomplete.
#
#  Out of Memory Error (os_windows.cpp:3532), pid=17568, tid=5728
#
# JRE version: OpenJDK Runtime Environment Temurin-17.0.2+8 (17.0.2+8) (build 17.0.2+8)
# Java VM: OpenJDK 64-Bit Server VM Temurin-17.0.2+8 (17.0.2+8, mixed mode, emulated-client, tiered, compressed oops, compressed class ptrs, g1 gc, windows-amd64)
# Core dump will be written. Default location: C:\Users\ICTS21-23.096\Desktop\Programmazione\Esercizi Java\WorkspaceJava\Magazzino.spring\hs_err_pid17568.mdmp
#

---------------  S U M M A R Y ------------

Command Line: -Dcom.sun.management.jmxremote -Dcom.sun.management.jmxremote.port=60454 -Dcom.sun.management.jmxremote.authenticate=false -Dcom.sun.management.jmxremote.ssl=false -Djava.rmi.server.hostname=localhost -Dspring.jmx.enabled=true -Dspring.application.admin.enabled=true -XX:TieredStopAtLevel=1 -Dspring.boot.project.name=Magazzino.spring -Dfile.encoding=UTF-8 -XX:+ShowCodeDetailsInExceptionMessages com.saldana.Application

Host: Intel(R) Xeon(R) CPU E5-2690 v4 @ 2.60GHz, 2 cores, 7G,  Windows Server 2022 , 64 bit Build 20348 (10.0.20348.320)
Time: Wed May  4 12:19:55 2022 ora legale Europa occidentale elapsed time: 2.550933 seconds (0d 0h 0m 2s)

---------------  T H R E A D  ---------------

Current thread (0x0000017efa193f70):  VMThread "VM Thread" [stack: 0x00000033b5b00000,0x00000033b5c00000] [id=5728]

Stack: [0x00000033b5b00000,0x00000033b5c00000]
Native frames: (J=compiled Java code, j=interpreted, Vv=VM code, C=native code)
V  [jvm.dll+0x67564a]
V  [jvm.dll+0x82fc04]
V  [jvm.dll+0x8313ae]
V  [jvm.dll+0x831a13]
V  [jvm.dll+0x245235]
V  [jvm.dll+0x672539]
V  [jvm.dll+0x666e82]
V  [jvm.dll+0x30401b]
V  [jvm.dll+0x30b566]
V  [jvm.dll+0x35b1fe]
V  [jvm.dll+0x35b42f]
V  [jvm.dll+0x2daf58]
V  [jvm.dll+0x2d920c]
V  [jvm.dll+0x2d87dc]
V  [jvm.dll+0x32c10c]
V  [jvm.dll+0x835ebb]
V  [jvm.dll+0x836bf4]
V  [jvm.dll+0x83710c]
V  [jvm.dll+0x8374e4]
V  [jvm.dll+0x8375b0]
V  [jvm.dll+0x7dff2a]
V  [jvm.dll+0x6744d5]
C  [ucrtbase.dll+0x26b4c]
C  [KERNEL32.DLL+0x14ed0]
C  [ntdll.dll+0x7e39b]

VM_Operation (0x00000033b72fa230): CollectForMetadataAllocation, mode: safepoint, requested by thread 0x0000017efd7dd870


---------------  P R O C E S S  ---------------

Threads class SMR info:
_java_thread_list=0x0000017efe35e740, length=22, elements={
0x0000017eef1a8260, 0x0000017efcc45040, 0x0000017efcc45a60, 0x0000017efcc7f2a0,
0x0000017efcc7fe20, 0x0000017efcc83b00, 0x0000017efcc843c0, 0x0000017efcc84d30,
0x0000017efccc06f0, 0x0000017efa17a5c0, 0x0000017efce43a30, 0x0000017efd38e020,
0x0000017efd3a2f50, 0x0000017efd3a3420, 0x0000017efd3a0550, 0x0000017efd4e6a80,
0x0000017efd6e7a70, 0x0000017efd6e9f50, 0x0000017efd70fe90, 0x0000017efd7dd3a0,
0x0000017efd7dca00, 0x0000017efd7dd870
}

Java Threads: ( => current thread )
  0x0000017eef1a8260 JavaThread "main" [_thread_blocked, id=13364, stack(0x00000033b5500000,0x00000033b5600000)]
  0x0000017efcc45040 JavaThread "Reference Handler" daemon [_thread_blocked, id=17004, stack(0x00000033b5c00000,0x00000033b5d00000)]
  0x0000017efcc45a60 JavaThread "Finalizer" daemon [_thread_blocked, id=22044, stack(0x00000033b5d00000,0x00000033b5e00000)]
  0x0000017efcc7f2a0 JavaThread "Signal Dispatcher" daemon [_thread_blocked, id=22900, stack(0x00000033b5e00000,0x00000033b5f00000)]
  0x0000017efcc7fe20 JavaThread "Attach Listener" daemon [_thread_blocked, id=21924, stack(0x00000033b5f00000,0x00000033b6000000)]
  0x0000017efcc83b00 JavaThread "Service Thread" daemon [_thread_blocked, id=2252, stack(0x00000033b6000000,0x00000033b6100000)]
  0x0000017efcc843c0 JavaThread "Monitor Deflation Thread" daemon [_thread_blocked, id=23588, stack(0x00000033b6100000,0x00000033b6200000)]
  0x0000017efcc84d30 JavaThread "C1 CompilerThread0" daemon [_thread_blocked, id=13812, stack(0x00000033b6200000,0x00000033b6300000)]
  0x0000017efccc06f0 JavaThread "Sweeper thread" daemon [_thread_blocked, id=11800, stack(0x00000033b6300000,0x00000033b6400000)]
  0x0000017efa17a5c0 JavaThread "Common-Cleaner" daemon [_thread_blocked, id=16784, stack(0x00000033b6400000,0x00000033b6500000)]
  0x0000017efce43a30 JavaThread "Notification Thread" daemon [_thread_blocked, id=24432, stack(0x00000033b6500000,0x00000033b6600000)]
  0x0000017efd38e020 JavaThread "C1 CompilerThread1" daemon [_thread_blocked, id=14680, stack(0x00000033b6700000,0x00000033b6800000)]
  0x0000017efd3a2f50 JavaThread "RMI TCP Accept-0" daemon [_thread_in_native, id=11048, stack(0x00000033b6800000,0x00000033b6900000)]
  0x0000017efd3a3420 JavaThread "RMI TCP Accept-60454" daemon [_thread_in_native, id=15104, stack(0x00000033b6900000,0x00000033b6a00000)]
  0x0000017efd3a0550 JavaThread "RMI TCP Accept-0" daemon [_thread_in_native, id=21948, stack(0x00000033b6a00000,0x00000033b6b00000)]
  0x0000017efd4e6a80 JavaThread "RMI TCP Connection(1)-127.0.0.1" daemon [_thread_in_native, id=12884, stack(0x00000033b6c00000,0x00000033b6d00000)]
  0x0000017efd6e7a70 JavaThread "RMI Scheduler(0)" daemon [_thread_blocked, id=18860, stack(0x00000033b6d00000,0x00000033b6e00000)]
  0x0000017efd6e9f50 JavaThread "RMI TCP Connection(2)-127.0.0.1" daemon [_thread_in_native, id=11020, stack(0x00000033b6e00000,0x00000033b6f00000)]
  0x0000017efd70fe90 JavaThread "JMX server connection timeout 20" daemon [_thread_blocked, id=11388, stack(0x00000033b6f00000,0x00000033b7000000)]
  0x0000017efd7dd3a0 JavaThread "Thread-0" [_thread_blocked, id=15804, stack(0x00000033b7000000,0x00000033b7100000)]
  0x0000017efd7dca00 JavaThread "restartedMain" [_thread_blocked, id=14712, stack(0x00000033b7100000,0x00000033b7200000)]
  0x0000017efd7dd870 JavaThread "background-preinit" [_thread_blocked, id=23644, stack(0x00000033b7200000,0x00000033b7300000)]

Other Threads:
=>0x0000017efa193f70 VMThread "VM Thread" [stack: 0x00000033b5b00000,0x00000033b5c00000] [id=5728]
  0x0000017efd3a4570 WatcherThread [stack: 0x00000033b6b00000,0x00000033b6c00000] [id=15780]
  0x0000017eef1deb50 GCTaskThread "GC Thread#0" [stack: 0x00000033b5600000,0x00000033b5700000] [id=5600]
  0x0000017efd1e07d0 GCTaskThread "GC Thread#1" [stack: 0x00000033b6600000,0x00000033b6700000] [id=16920]
  0x0000017ef9fde580 ConcurrentGCThread "G1 Main Marker" [stack: 0x00000033b5700000,0x00000033b5800000] [id=9660]
  0x0000017ef9fdef90 ConcurrentGCThread "G1 Conc#0" [stack: 0x00000033b5800000,0x00000033b5900000] [id=10580]
  0x0000017efa0411e0 ConcurrentGCThread "G1 Refine#0" [stack: 0x00000033b5900000,0x00000033b5a00000] [id=17396]
  0x0000017efa041c00 ConcurrentGCThread "G1 Service" [stack: 0x00000033b5a00000,0x00000033b5b00000] [id=6636]

Threads with active compile tasks:

VM state: at safepoint (normal execution)

VM Mutex/Monitor currently owned by a thread:  ([mutex/lock_event])
[0x0000017eef1a3260] Threads_lock - owner thread: 0x0000017efa193f70
[0x0000017eef1a4580] Heap_lock - owner thread: 0x0000017efd7dd870

Heap address: 0x0000000080000000, size: 2048 MB, Compressed Oops mode: 32-bit

CDS archive(s) not mapped
Compressed class space mapped at: 0x0000000100000000-0x0000000140000000, reserved size: 1073741824
Narrow klass base: 0x0000000000000000, Narrow klass shift: 3, Narrow klass range: 0x140000000

GC Precious Log:
 CPUs: 2 total, 2 available
 Memory: 8191M
 Large Page Support: Disabled
 NUMA Support: Disabled
 Compressed Oops: Enabled (32-bit)
 Heap Region Size: 1M
 Heap Min Capacity: 8M
 Heap Initial Capacity: 128M
 Heap Max Capacity: 2G
 Pre-touch: Disabled
 Parallel Workers: 2
 Concurrent Workers: 1
 Concurrent Refinement Workers: 2
 Periodic GC: Disabled

Heap:
 garbage-first heap   total 131072K, used 9240K [0x0000000080000000, 0x0000000100000000)
  region size 1024K, 3 young (3072K), 3 survivors (3072K)
 Metaspace       used 21272K, committed 21504K, reserved 1073152K
  class space    used 2435K, committed 2560K, reserved 1048576K

Heap Regions: E=young(eden), S=young(survivor), O=old, HS=humongous(starts), HC=humongous(continues), CS=collection set, F=free, OA=open archive, CA=closed archive, TAMS=top-at-mark-start (previous, next)
|   0|0x0000000080000000, 0x0000000080100000, 0x0000000080100000|100%|HS|  |TAMS 0x0000000080000000, 0x0000000080100000| Complete 
|   1|0x0000000080100000, 0x0000000080200000, 0x0000000080200000|100%| O|  |TAMS 0x0000000080100000, 0x0000000080200000| Untracked 
|   2|0x0000000080200000, 0x0000000080300000, 0x0000000080300000|100%| O|  |TAMS 0x0000000080200000, 0x0000000080300000| Untracked 
|   3|0x0000000080300000, 0x0000000080400000, 0x0000000080400000|100%| O|  |TAMS 0x0000000080300000, 0x0000000080400000| Untracked 
|   4|0x0000000080400000, 0x0000000080500000, 0x0000000080500000|100%| O|  |TAMS 0x0000000080400000, 0x0000000080500000| Untracked 
|   5|0x0000000080500000, 0x0000000080600000, 0x0000000080600000|100%| O|  |TAMS 0x0000000080500000, 0x0000000080600000| Untracked 
|   6|0x0000000080600000, 0x000000008062a600, 0x0000000080700000| 16%| O|  |TAMS 0x0000000080600000, 0x000000008062a600| Untracked 
|   7|0x0000000080700000, 0x0000000080700000, 0x0000000080800000|  0%| F|  |TAMS 0x0000000080700000, 0x0000000080700000| Untracked 
|   8|0x0000000080800000, 0x0000000080800000, 0x0000000080900000|  0%| F|  |TAMS 0x0000000080800000, 0x0000000080800000| Untracked 
|   9|0x0000000080900000, 0x0000000080900000, 0x0000000080a00000|  0%| F|  |TAMS 0x0000000080900000, 0x0000000080900000| Untracked 
|  10|0x0000000080a00000, 0x0000000080a00000, 0x0000000080b00000|  0%| F|  |TAMS 0x0000000080a00000, 0x0000000080a00000| Untracked 
|  11|0x0000000080b00000, 0x0000000080b00000, 0x0000000080c00000|  0%| F|  |TAMS 0x0000000080b00000, 0x0000000080b00000| Untracked 
|  12|0x0000000080c00000, 0x0000000080c00000, 0x0000000080d00000|  0%| F|  |TAMS 0x0000000080c00000, 0x0000000080c00000| Untracked 
|  13|0x0000000080d00000, 0x0000000080d00000, 0x0000000080e00000|  0%| F|  |TAMS 0x0000000080d00000, 0x0000000080d00000| Untracked 
|  14|0x0000000080e00000, 0x0000000080e00000, 0x0000000080f00000|  0%| F|  |TAMS 0x0000000080e00000, 0x0000000080e00000| Untracked 
|  15|0x0000000080f00000, 0x0000000080f00000, 0x0000000081000000|  0%| F|  |TAMS 0x0000000080f00000, 0x0000000080f00000| Untracked 
|  16|0x0000000081000000, 0x0000000081000000, 0x0000000081100000|  0%| F|  |TAMS 0x0000000081000000, 0x0000000081000000| Untracked 
|  17|0x0000000081100000, 0x0000000081100000, 0x0000000081200000|  0%| F|  |TAMS 0x0000000081100000, 0x0000000081100000| Untracked 
|  18|0x0000000081200000, 0x0000000081200000, 0x0000000081300000|  0%| F|  |TAMS 0x0000000081200000, 0x0000000081200000| Untracked 
|  19|0x0000000081300000, 0x0000000081300000, 0x0000000081400000|  0%| F|  |TAMS 0x0000000081300000, 0x0000000081300000| Untracked 
|  20|0x0000000081400000, 0x0000000081400000, 0x0000000081500000|  0%| F|  |TAMS 0x0000000081400000, 0x0000000081400000| Untracked 
|  21|0x0000000081500000, 0x0000000081500000, 0x0000000081600000|  0%| F|  |TAMS 0x0000000081500000, 0x0000000081500000| Untracked 
|  22|0x0000000081600000, 0x0000000081600000, 0x0000000081700000|  0%| F|  |TAMS 0x0000000081600000, 0x0000000081600000| Untracked 
|  23|0x0000000081700000, 0x0000000081700000, 0x0000000081800000|  0%| F|  |TAMS 0x0000000081700000, 0x0000000081700000| Untracked 
|  24|0x0000000081800000, 0x0000000081800000, 0x0000000081900000|  0%| F|  |TAMS 0x0000000081800000, 0x0000000081800000| Untracked 
|  25|0x0000000081900000, 0x0000000081900000, 0x0000000081a00000|  0%| F|  |TAMS 0x0000000081900000, 0x0000000081900000| Untracked 
|  26|0x0000000081a00000, 0x0000000081a00000, 0x0000000081b00000|  0%| F|  |TAMS 0x0000000081a00000, 0x0000000081a00000| Untracked 
|  27|0x0000000081b00000, 0x0000000081b00000, 0x0000000081c00000|  0%| F|  |TAMS 0x0000000081b00000, 0x0000000081b00000| Untracked 
|  28|0x0000000081c00000, 0x0000000081c00000, 0x0000000081d00000|  0%| F|  |TAMS 0x0000000081c00000, 0x0000000081c00000| Untracked 
|  29|0x0000000081d00000, 0x0000000081d00000, 0x0000000081e00000|  0%| F|  |TAMS 0x0000000081d00000, 0x0000000081d00000| Untracked 
|  30|0x0000000081e00000, 0x0000000081e00000, 0x0000000081f00000|  0%| F|  |TAMS 0x0000000081e00000, 0x0000000081e00000| Untracked 
|  31|0x0000000081f00000, 0x0000000081f00000, 0x0000000082000000|  0%| F|  |TAMS 0x0000000081f00000, 0x0000000081f00000| Untracked 
|  32|0x0000000082000000, 0x0000000082000000, 0x0000000082100000|  0%| F|  |TAMS 0x0000000082000000, 0x0000000082000000| Untracked 
|  33|0x0000000082100000, 0x0000000082100000, 0x0000000082200000|  0%| F|  |TAMS 0x0000000082100000, 0x0000000082100000| Untracked 
|  34|0x0000000082200000, 0x0000000082200000, 0x0000000082300000|  0%| F|  |TAMS 0x0000000082200000, 0x0000000082200000| Untracked 
|  35|0x0000000082300000, 0x0000000082300000, 0x0000000082400000|  0%| F|  |TAMS 0x0000000082300000, 0x0000000082300000| Untracked 
|  36|0x0000000082400000, 0x0000000082400000, 0x0000000082500000|  0%| F|  |TAMS 0x0000000082400000, 0x0000000082400000| Untracked 
|  37|0x0000000082500000, 0x0000000082500000, 0x0000000082600000|  0%| F|  |TAMS 0x0000000082500000, 0x0000000082500000| Untracked 
|  38|0x0000000082600000, 0x0000000082600000, 0x0000000082700000|  0%| F|  |TAMS 0x0000000082600000, 0x0000000082600000| Untracked 
|  39|0x0000000082700000, 0x0000000082700000, 0x0000000082800000|  0%| F|  |TAMS 0x0000000082700000, 0x0000000082700000| Untracked 
|  40|0x0000000082800000, 0x0000000082800000, 0x0000000082900000|  0%| F|  |TAMS 0x0000000082800000, 0x0000000082800000| Untracked 
|  41|0x0000000082900000, 0x0000000082900000, 0x0000000082a00000|  0%| F|  |TAMS 0x0000000082900000, 0x0000000082900000| Untracked 
|  42|0x0000000082a00000, 0x0000000082a00000, 0x0000000082b00000|  0%| F|  |TAMS 0x0000000082a00000, 0x0000000082a00000| Untracked 
|  43|0x0000000082b00000, 0x0000000082b00000, 0x0000000082c00000|  0%| F|  |TAMS 0x0000000082b00000, 0x0000000082b00000| Untracked 
|  44|0x0000000082c00000, 0x0000000082c00000, 0x0000000082d00000|  0%| F|  |TAMS 0x0000000082c00000, 0x0000000082c00000| Untracked 
|  45|0x0000000082d00000, 0x0000000082d00000, 0x0000000082e00000|  0%| F|  |TAMS 0x0000000082d00000, 0x0000000082d00000| Untracked 
|  46|0x0000000082e00000, 0x0000000082e00000, 0x0000000082f00000|  0%| F|  |TAMS 0x0000000082e00000, 0x0000000082e00000| Untracked 
|  47|0x0000000082f00000, 0x0000000082f00000, 0x0000000083000000|  0%| F|  |TAMS 0x0000000082f00000, 0x0000000082f00000| Untracked 
|  48|0x0000000083000000, 0x0000000083000000, 0x0000000083100000|  0%| F|  |TAMS 0x0000000083000000, 0x0000000083000000| Untracked 
|  49|0x0000000083100000, 0x0000000083100000, 0x0000000083200000|  0%| F|  |TAMS 0x0000000083100000, 0x0000000083100000| Untracked 
|  50|0x0000000083200000, 0x0000000083200000, 0x0000000083300000|  0%| F|  |TAMS 0x0000000083200000, 0x0000000083200000| Untracked 
|  51|0x0000000083300000, 0x0000000083300000, 0x0000000083400000|  0%| F|  |TAMS 0x0000000083300000, 0x0000000083300000| Untracked 
|  52|0x0000000083400000, 0x0000000083400000, 0x0000000083500000|  0%| F|  |TAMS 0x0000000083400000, 0x0000000083400000| Untracked 
|  53|0x0000000083500000, 0x0000000083500000, 0x0000000083600000|  0%| F|  |TAMS 0x0000000083500000, 0x0000000083500000| Untracked 
|  54|0x0000000083600000, 0x0000000083600000, 0x0000000083700000|  0%| F|  |TAMS 0x0000000083600000, 0x0000000083600000| Untracked 
|  55|0x0000000083700000, 0x0000000083700000, 0x0000000083800000|  0%| F|  |TAMS 0x0000000083700000, 0x0000000083700000| Untracked 
|  56|0x0000000083800000, 0x0000000083800000, 0x0000000083900000|  0%| F|  |TAMS 0x0000000083800000, 0x0000000083800000| Untracked 
|  57|0x0000000083900000, 0x0000000083900000, 0x0000000083a00000|  0%| F|  |TAMS 0x0000000083900000, 0x0000000083900000| Untracked 
|  58|0x0000000083a00000, 0x0000000083a00000, 0x0000000083b00000|  0%| F|  |TAMS 0x0000000083a00000, 0x0000000083a00000| Untracked 
|  59|0x0000000083b00000, 0x0000000083b00000, 0x0000000083c00000|  0%| F|  |TAMS 0x0000000083b00000, 0x0000000083b00000| Untracked 
|  60|0x0000000083c00000, 0x0000000083c00000, 0x0000000083d00000|  0%| F|  |TAMS 0x0000000083c00000, 0x0000000083c00000| Untracked 
|  61|0x0000000083d00000, 0x0000000083d00000, 0x0000000083e00000|  0%| F|  |TAMS 0x0000000083d00000, 0x0000000083d00000| Untracked 
|  62|0x0000000083e00000, 0x0000000083e00000, 0x0000000083f00000|  0%| F|  |TAMS 0x0000000083e00000, 0x0000000083e00000| Untracked 
|  63|0x0000000083f00000, 0x0000000083f00000, 0x0000000084000000|  0%| F|  |TAMS 0x0000000083f00000, 0x0000000083f00000| Untracked 
|  64|0x0000000084000000, 0x0000000084000000, 0x0000000084100000|  0%| F|  |TAMS 0x0000000084000000, 0x0000000084000000| Untracked 
|  65|0x0000000084100000, 0x0000000084100000, 0x0000000084200000|  0%| F|  |TAMS 0x0000000084100000, 0x0000000084100000| Untracked 
|  66|0x0000000084200000, 0x0000000084200000, 0x0000000084300000|  0%| F|  |TAMS 0x0000000084200000, 0x0000000084200000| Untracked 
|  67|0x0000000084300000, 0x0000000084300000, 0x0000000084400000|  0%| F|  |TAMS 0x0000000084300000, 0x0000000084300000| Untracked 
|  68|0x0000000084400000, 0x0000000084400000, 0x0000000084500000|  0%| F|  |TAMS 0x0000000084400000, 0x0000000084400000| Untracked 
|  69|0x0000000084500000, 0x0000000084500000, 0x0000000084600000|  0%| F|  |TAMS 0x0000000084500000, 0x0000000084500000| Untracked 
|  70|0x0000000084600000, 0x0000000084600000, 0x0000000084700000|  0%| F|  |TAMS 0x0000000084600000, 0x0000000084600000| Untracked 
|  71|0x0000000084700000, 0x0000000084700000, 0x0000000084800000|  0%| F|  |TAMS 0x0000000084700000, 0x0000000084700000| Untracked 
|  72|0x0000000084800000, 0x0000000084800000, 0x0000000084900000|  0%| F|  |TAMS 0x0000000084800000, 0x0000000084800000| Untracked 
|  73|0x0000000084900000, 0x0000000084900000, 0x0000000084a00000|  0%| F|  |TAMS 0x0000000084900000, 0x0000000084900000| Untracked 
|  74|0x0000000084a00000, 0x0000000084a00000, 0x0000000084b00000|  0%| F|  |TAMS 0x0000000084a00000, 0x0000000084a00000| Untracked 
|  75|0x0000000084b00000, 0x0000000084b00000, 0x0000000084c00000|  0%| F|  |TAMS 0x0000000084b00000, 0x0000000084b00000| Untracked 
|  76|0x0000000084c00000, 0x0000000084c00000, 0x0000000084d00000|  0%| F|  |TAMS 0x0000000084c00000, 0x0000000084c00000| Untracked 
|  77|0x0000000084d00000, 0x0000000084d00000, 0x0000000084e00000|  0%| F|  |TAMS 0x0000000084d00000, 0x0000000084d00000| Untracked 
|  78|0x0000000084e00000, 0x0000000084e00000, 0x0000000084f00000|  0%| F|  |TAMS 0x0000000084e00000, 0x0000000084e00000| Untracked 
|  79|0x0000000084f00000, 0x0000000084f00000, 0x0000000085000000|  0%| F|  |TAMS 0x0000000084f00000, 0x0000000084f00000| Untracked 
|  80|0x0000000085000000, 0x0000000085000000, 0x0000000085100000|  0%| F|  |TAMS 0x0000000085000000, 0x0000000085000000| Untracked 
|  81|0x0000000085100000, 0x0000000085100000, 0x0000000085200000|  0%| F|  |TAMS 0x0000000085100000, 0x0000000085100000| Untracked 
|  82|0x0000000085200000, 0x0000000085200000, 0x0000000085300000|  0%| F|  |TAMS 0x0000000085200000, 0x0000000085200000| Untracked 
|  83|0x0000000085300000, 0x0000000085300000, 0x0000000085400000|  0%| F|  |TAMS 0x0000000085300000, 0x0000000085300000| Untracked 
|  84|0x0000000085400000, 0x0000000085400000, 0x0000000085500000|  0%| F|  |TAMS 0x0000000085400000, 0x0000000085400000| Untracked 
|  85|0x0000000085500000, 0x0000000085500000, 0x0000000085600000|  0%| F|  |TAMS 0x0000000085500000, 0x0000000085500000| Untracked 
|  86|0x0000000085600000, 0x0000000085600000, 0x0000000085700000|  0%| F|  |TAMS 0x0000000085600000, 0x0000000085600000| Untracked 
|  87|0x0000000085700000, 0x0000000085700000, 0x0000000085800000|  0%| F|  |TAMS 0x0000000085700000, 0x0000000085700000| Untracked 
|  88|0x0000000085800000, 0x0000000085800000, 0x0000000085900000|  0%| F|  |TAMS 0x0000000085800000, 0x0000000085800000| Untracked 
|  89|0x0000000085900000, 0x0000000085900000, 0x0000000085a00000|  0%| F|  |TAMS 0x0000000085900000, 0x0000000085900000| Untracked 
|  90|0x0000000085a00000, 0x0000000085a00000, 0x0000000085b00000|  0%| F|  |TAMS 0x0000000085a00000, 0x0000000085a00000| Untracked 
|  91|0x0000000085b00000, 0x0000000085b00000, 0x0000000085c00000|  0%| F|  |TAMS 0x0000000085b00000, 0x0000000085b00000| Untracked 
|  92|0x0000000085c00000, 0x0000000085c00000, 0x0000000085d00000|  0%| F|  |TAMS 0x0000000085c00000, 0x0000000085c00000| Untracked 
|  93|0x0000000085d00000, 0x0000000085d00000, 0x0000000085e00000|  0%| F|  |TAMS 0x0000000085d00000, 0x0000000085d00000| Untracked 
|  94|0x0000000085e00000, 0x0000000085e00000, 0x0000000085f00000|  0%| F|  |TAMS 0x0000000085e00000, 0x0000000085e00000| Untracked 
|  95|0x0000000085f00000, 0x0000000085f00000, 0x0000000086000000|  0%| F|  |TAMS 0x0000000085f00000, 0x0000000085f00000| Untracked 
|  96|0x0000000086000000, 0x0000000086000000, 0x0000000086100000|  0%| F|  |TAMS 0x0000000086000000, 0x0000000086000000| Untracked 
|  97|0x0000000086100000, 0x0000000086100000, 0x0000000086200000|  0%| F|  |TAMS 0x0000000086100000, 0x0000000086100000| Untracked 
|  98|0x0000000086200000, 0x0000000086200000, 0x0000000086300000|  0%| F|  |TAMS 0x0000000086200000, 0x0000000086200000| Untracked 
|  99|0x0000000086300000, 0x0000000086300000, 0x0000000086400000|  0%| F|  |TAMS 0x0000000086300000, 0x0000000086300000| Untracked 
| 100|0x0000000086400000, 0x0000000086400000, 0x0000000086500000|  0%| F|  |TAMS 0x0000000086400000, 0x0000000086400000| Untracked 
| 101|0x0000000086500000, 0x0000000086500000, 0x0000000086600000|  0%| F|  |TAMS 0x0000000086500000, 0x0000000086500000| Untracked 
| 102|0x0000000086600000, 0x0000000086600000, 0x0000000086700000|  0%| F|  |TAMS 0x0000000086600000, 0x0000000086600000| Untracked 
| 103|0x0000000086700000, 0x0000000086700000, 0x0000000086800000|  0%| F|  |TAMS 0x0000000086700000, 0x0000000086700000| Untracked 
| 104|0x0000000086800000, 0x0000000086800000, 0x0000000086900000|  0%| F|  |TAMS 0x0000000086800000, 0x0000000086800000| Untracked 
| 105|0x0000000086900000, 0x0000000086900000, 0x0000000086a00000|  0%| F|  |TAMS 0x0000000086900000, 0x0000000086900000| Untracked 
| 106|0x0000000086a00000, 0x0000000086a00000, 0x0000000086b00000|  0%| F|  |TAMS 0x0000000086a00000, 0x0000000086a00000| Untracked 
| 107|0x0000000086b00000, 0x0000000086b00000, 0x0000000086c00000|  0%| F|  |TAMS 0x0000000086b00000, 0x0000000086b00000| Untracked 
| 108|0x0000000086c00000, 0x0000000086c00000, 0x0000000086d00000|  0%| F|  |TAMS 0x0000000086c00000, 0x0000000086c00000| Untracked 
| 109|0x0000000086d00000, 0x0000000086ddbd08, 0x0000000086e00000| 85%| S|CS|TAMS 0x0000000086d00000, 0x0000000086d00000| Complete 
| 110|0x0000000086e00000, 0x0000000086e00000, 0x0000000086f00000|  0%| F|  |TAMS 0x0000000086e00000, 0x0000000086e00000| Untracked 
| 111|0x0000000086f00000, 0x0000000086f00000, 0x0000000087000000|  0%| F|  |TAMS 0x0000000086f00000, 0x0000000086f00000| Untracked 
| 112|0x0000000087000000, 0x0000000087100000, 0x0000000087100000|100%| S|CS|TAMS 0x0000000087000000, 0x0000000087000000| Complete 
| 113|0x0000000087100000, 0x0000000087200000, 0x0000000087200000|100%| S|CS|TAMS 0x0000000087100000, 0x0000000087100000| Complete 
| 114|0x0000000087200000, 0x0000000087200000, 0x0000000087300000|  0%| F|  |TAMS 0x0000000087200000, 0x0000000087200000| Untracked 
| 115|0x0000000087300000, 0x0000000087300000, 0x0000000087400000|  0%| F|  |TAMS 0x0000000087300000, 0x0000000087300000| Untracked 
| 116|0x0000000087400000, 0x0000000087400000, 0x0000000087500000|  0%| F|  |TAMS 0x0000000087400000, 0x0000000087400000| Untracked 
| 117|0x0000000087500000, 0x0000000087500000, 0x0000000087600000|  0%| F|  |TAMS 0x0000000087500000, 0x0000000087500000| Untracked 
| 118|0x0000000087600000, 0x0000000087600000, 0x0000000087700000|  0%| F|  |TAMS 0x0000000087600000, 0x0000000087600000| Untracked 
| 119|0x0000000087700000, 0x0000000087700000, 0x0000000087800000|  0%| F|  |TAMS 0x0000000087700000, 0x0000000087700000| Untracked 
| 120|0x0000000087800000, 0x0000000087800000, 0x0000000087900000|  0%| F|  |TAMS 0x0000000087800000, 0x0000000087800000| Untracked 
| 121|0x0000000087900000, 0x0000000087900000, 0x0000000087a00000|  0%| F|  |TAMS 0x0000000087900000, 0x0000000087900000| Untracked 
| 122|0x0000000087a00000, 0x0000000087a00000, 0x0000000087b00000|  0%| F|  |TAMS 0x0000000087a00000, 0x0000000087a00000| Untracked 
| 123|0x0000000087b00000, 0x0000000087b00000, 0x0000000087c00000|  0%| F|  |TAMS 0x0000000087b00000, 0x0000000087b00000| Untracked 
| 124|0x0000000087c00000, 0x0000000087c00000, 0x0000000087d00000|  0%| F|  |TAMS 0x0000000087c00000, 0x0000000087c00000| Untracked 
| 125|0x0000000087d00000, 0x0000000087d00000, 0x0000000087e00000|  0%| F|  |TAMS 0x0000000087d00000, 0x0000000087d00000| Untracked 
| 126|0x0000000087e00000, 0x0000000087e00000, 0x0000000087f00000|  0%| F|  |TAMS 0x0000000087e00000, 0x0000000087e00000| Untracked 
| 127|0x0000000087f00000, 0x0000000087f00000, 0x0000000088000000|  0%| F|  |TAMS 0x0000000087f00000, 0x0000000087f00000| Untracked 

Card table byte_map: [0x0000017ef57c0000,0x0000017ef5bc0000] _byte_map_base: 0x0000017ef53c0000

Marking Bits (Prev, Next): (CMBitMap*) 0x0000017ef9fcdc50, (CMBitMap*) 0x0000017ef9fcdc90
 Prev Bits: [0x0000017ef5fc0000, 0x0000017ef7fc0000)
 Next Bits: [0x0000017ef7fc0000, 0x0000017ef9fc0000)

Polling page: 0x0000017eee8e0000

Metaspace:

Usage:
  Non-class:     18.40 MB used.
      Class:      2.38 MB used.
       Both:     20.77 MB used.

Virtual space:
  Non-class space:       24.00 MB reserved,      18.50 MB ( 77%) committed,  3 nodes.
      Class space:        1.00 GB reserved,       2.50 MB ( <1%) committed,  1 nodes.
             Both:        1.02 GB reserved,      21.00 MB (  2%) committed. 

Chunk freelists:
   Non-Class:  1.44 MB
       Class:  1.50 MB
        Both:  2.94 MB

MaxMetaspaceSize: unlimited
CompressedClassSpaceSize: 1.00 GB
Initial GC threshold: 21.00 MB
Current GC threshold: 21.00 MB
CDS: off
MetaspaceReclaimPolicy: balanced
 - commit_granule_bytes: 65536.
 - commit_granule_words: 8192.
 - virtual_space_node_default_size: 1048576.
 - enlarge_chunks_in_place: 1.
 - new_chunks_are_fully_committed: 0.
 - uncommit_free_chunks: 1.
 - use_allocation_guard: 0.
 - handle_deallocations: 1.


Internal statistics:

num_allocs_failed_limit: 3.
num_arena_births: 250.
num_arena_deaths: 0.
num_vsnodes_births: 4.
num_vsnodes_deaths: 0.
num_space_committed: 336.
num_space_uncommitted: 0.
num_chunks_returned_to_freelist: 3.
num_chunks_taken_from_freelist: 611.
num_chunk_merges: 3.
num_chunk_splits: 367.
num_chunks_enlarged: 237.
num_purges: 0.
num_inconsistent_stats: 0.

CodeCache: size=49152Kb used=4547Kb max_used=4547Kb free=44604Kb
 bounds [0x0000017ef27c0000, 0x0000017ef2c40000, 0x0000017ef57c0000]
 total_blobs=2394 nmethods=1929 adapters=391
 compilation: enabled
              stopped_count=0, restarted_count=0
 full_count=0

Compilation events (20 events):
Event: 2.529 Thread 0x0000017efcc84d30 1920       1       java.util.HashSet::contains (9 bytes)
Event: 2.529 Thread 0x0000017efcc84d30 nmethod 1920 0x0000017ef2c2c590 code [0x0000017ef2c2c720, 0x0000017ef2c2c808]
Event: 2.529 Thread 0x0000017efd38e020 1921       1       java.io.ObjectOutputStream$BlockDataOutputStream::writeInt (46 bytes)
Event: 2.529 Thread 0x0000017efd38e020 nmethod 1921 0x0000017ef2c2c890 code [0x0000017ef2c2ca40, 0x0000017ef2c2cbb8]
Event: 2.529 Thread 0x0000017efcc84d30 1922       1       java.io.ObjectOutputStream$HandleTable::assign (52 bytes)
Event: 2.530 Thread 0x0000017efcc84d30 nmethod 1922 0x0000017ef2c2cc90 code [0x0000017ef2c2ce40, 0x0000017ef2c2cfc8]
Event: 2.530 Thread 0x0000017efd38e020 1923       1       java.io.ObjectStreamClass::processQueue (21 bytes)
Event: 2.530 Thread 0x0000017efd38e020 nmethod 1923 0x0000017ef2c2d090 code [0x0000017ef2c2d240, 0x0000017ef2c2d458]
Event: 2.530 Thread 0x0000017efcc84d30 1924  s    1       java.io.BufferedOutputStream::write (67 bytes)
Event: 2.530 Thread 0x0000017efcc84d30 nmethod 1924 0x0000017ef2c2d610 code [0x0000017ef2c2d7e0, 0x0000017ef2c2db98]
Event: 2.530 Thread 0x0000017efd38e020 1925   !   1       java.io.ObjectStreamClass::lookup (334 bytes)
Event: 2.532 Thread 0x0000017efd38e020 nmethod 1925 0x0000017ef2c2dd10 code [0x0000017ef2c2e080, 0x0000017ef2c2f3e8]
Event: 2.532 Thread 0x0000017efd38e020 1926       1       java.io.ObjectOutputStream$BlockDataOutputStream::writeUTF (46 bytes)
Event: 2.532 Thread 0x0000017efd38e020 nmethod 1926 0x0000017ef2c2fc10 code [0x0000017ef2c2fde0, 0x0000017ef2c2fff8]
Event: 2.532 Thread 0x0000017efd38e020 1927       1       java.io.ObjectStreamClass$WeakClassKey::<init> (15 bytes)
Event: 2.533 Thread 0x0000017efd38e020 nmethod 1927 0x0000017ef2c30190 code [0x0000017ef2c30340, 0x0000017ef2c30508]
Event: 2.533 Thread 0x0000017efcc84d30 1928       1       java.util.logging.Logger::isLoggable (27 bytes)
Event: 2.533 Thread 0x0000017efcc84d30 nmethod 1928 0x0000017ef2c30590 code [0x0000017ef2c30720, 0x0000017ef2c30838]
Event: 2.534 Thread 0x0000017efd38e020 1929       1       java.util.zip.ZipUtils::get16 (21 bytes)
Event: 2.534 Thread 0x0000017efd38e020 nmethod 1929 0x0000017ef2c30910 code [0x0000017ef2c30aa0, 0x0000017ef2c30b98]

GC Heap History (9 events):
Event: 0.894 GC heap before
{Heap before GC invocations=0 (full 0):
 garbage-first heap   total 131072K, used 6144K [0x0000000080000000, 0x0000000100000000)
  region size 1024K, 6 young (6144K), 0 survivors (0K)
 Metaspace       used 8041K, committed 8192K, reserved 1056768K
  class space    used 740K, committed 832K, reserved 1048576K
}
Event: 0.901 GC heap after
{Heap after GC invocations=1 (full 0):
 garbage-first heap   total 131072K, used 4842K [0x0000000080000000, 0x0000000100000000)
  region size 1024K, 1 young (1024K), 1 survivors (1024K)
 Metaspace       used 8041K, committed 8192K, reserved 1056768K
  class space    used 740K, committed 832K, reserved 1048576K
}
Event: 1.252 GC heap before
{Heap before GC invocations=1 (full 0):
 garbage-first heap   total 131072K, used 9962K [0x0000000080000000, 0x0000000100000000)
  region size 1024K, 6 young (6144K), 1 survivors (1024K)
 Metaspace       used 12795K, committed 12928K, reserved 1064960K
  class space    used 1297K, committed 1344K, reserved 1048576K
}
Event: 1.268 GC heap after
{Heap after GC invocations=2 (full 0):
 garbage-first heap   total 131072K, used 5963K [0x0000000080000000, 0x0000000100000000)
  region size 1024K, 1 young (1024K), 1 survivors (1024K)
 Metaspace       used 12795K, committed 12928K, reserved 1064960K
  class space    used 1297K, committed 1344K, reserved 1048576K
}
Event: 1.591 GC heap before
{Heap before GC invocations=2 (full 0):
 garbage-first heap   total 131072K, used 13131K [0x0000000080000000, 0x0000000100000000)
  region size 1024K, 8 young (8192K), 1 survivors (1024K)
 Metaspace       used 15277K, committed 15488K, reserved 1064960K
  class space    used 1617K, committed 1728K, reserved 1048576K
}
Event: 1.596 GC heap after
{Heap after GC invocations=3 (full 0):
 garbage-first heap   total 131072K, used 7233K [0x0000000080000000, 0x0000000100000000)
  region size 1024K, 1 young (1024K), 1 survivors (1024K)
 Metaspace       used 15277K, committed 15488K, reserved 1064960K
  class space    used 1617K, committed 1728K, reserved 1048576K
}
Event: 2.119 GC heap before
{Heap before GC invocations=3 (full 0):
 garbage-first heap   total 131072K, used 22593K [0x0000000080000000, 0x0000000100000000)
  region size 1024K, 16 young (16384K), 1 survivors (1024K)
 Metaspace       used 18469K, committed 18752K, reserved 1073152K
  class space    used 2045K, committed 2176K, reserved 1048576K
}
Event: 2.126 GC heap after
{Heap after GC invocations=4 (full 0):
 garbage-first heap   total 131072K, used 8361K [0x0000000080000000, 0x0000000100000000)
  region size 1024K, 2 young (2048K), 2 survivors (2048K)
 Metaspace       used 18469K, committed 18752K, reserved 1073152K
  class space    used 2045K, committed 2176K, reserved 1048576K
}
Event: 2.536 GC heap before
{Heap before GC invocations=4 (full 0):
 garbage-first heap   total 131072K, used 20649K [0x0000000080000000, 0x0000000100000000)
  region size 1024K, 16 young (16384K), 2 survivors (2048K)
 Metaspace       used 21272K, committed 21504K, reserved 1073152K
  class space    used 2435K, committed 2560K, reserved 1048576K
}

Deoptimization events (2 events):
Event: 1.549 Thread 0x0000017eef1a8260 DEOPT PACKING pc=0x0000017ef29ad175 sp=0x00000033b55fdc50
Event: 1.549 Thread 0x0000017eef1a8260 DEOPT UNPACKING pc=0x0000017ef2812b43 sp=0x00000033b55fd0a8 mode 3

Classes unloaded (0 events):
No events

Classes redefined (0 events):
No events

Internal exceptions (20 events):
Event: 2.047 Thread 0x0000017efd7dca00 Exception <a 'java/lang/NoSuchMethodError'{0x00000000873f2b18}: 'int java.lang.invoke.DirectMethodHandle$Holder.invokeSpecial(java.lang.Object, java.lang.Object, java.lang.Object, java.lang.Object)'> (0x00000000873f2b18) 
thrown [e:\jenkins\tmp\workspace\build\src\src\hotspot\share\interpreter\linkResolver.cpp, line 766]
Event: 2.092 Thread 0x0000017efd7dca00 Exception <a 'java/lang/NoSuchMethodError'{0x00000000871e5b38}: 'java.lang.Object java.lang.invoke.DirectMethodHandle$Holder.newInvokeSpecial(java.lang.Object, java.lang.Object, java.lang.Object, java.lang.Object, java.lang.Object, java.lang.Object)'> (0x00000000871e5b38) 
thrown [e:\jenkins\tmp\workspace\build\src\src\hotspot\share\interpreter\linkResolver.cpp, line 766]
Event: 2.108 Thread 0x0000017efd7dca00 Exception <a 'java/lang/NoSuchMethodError'{0x000000008708faa0}: 'java.lang.Object java.lang.invoke.DirectMethodHandle$Holder.invokeSpecial(java.lang.Object, java.lang.Object, java.lang.Object, java.lang.Object, java.lang.Object, java.lang.Object, int)'> (0x000000008708faa0) 
thrown [e:\jenkins\tmp\workspace\build\src\src\hotspot\share\interpreter\linkResolver.cpp, line 766]
Event: 2.109 Thread 0x0000017efd7dca00 Exception <a 'java/lang/NoSuchMethodError'{0x000000008709a000}: 'java.lang.Object java.lang.invoke.DirectMethodHandle$Holder.newInvokeSpecial(java.lang.Object, java.lang.Object, java.lang.Object, java.lang.Object, java.lang.Object, java.lang.Object, int)'> (0x000000008709a000) 
thrown [e:\jenkins\tmp\workspace\build\src\src\hotspot\share\interpreter\linkResolver.cpp, line 766]
Event: 2.109 Thread 0x0000017efd7dca00 Exception <a 'java/lang/NoSuchMethodError'{0x000000008709f058}: 'java.lang.Object java.lang.invoke.DirectMethodHandle$Holder.invokeSpecial(java.lang.Object, java.lang.Object, java.lang.Object, java.lang.Object, java.lang.Object, java.lang.Object, java.lang.Object, int)'> (0x000000008709f058) 
thrown [e:\jenkins\tmp\workspace\build\src\src\hotspot\share\interpreter\linkResolver.cpp, line 766]
Event: 2.186 Thread 0x0000017efd7dca00 Exception <a 'java/lang/NoSuchMethodError'{0x0000000087d00f18}: 'java.lang.Object java.lang.invoke.DirectMethodHandle$Holder.invokeSpecial(java.lang.Object, java.lang.Object, java.lang.Object, int, java.lang.Object)'> (0x0000000087d00f18) 
thrown [e:\jenkins\tmp\workspace\build\src\src\hotspot\share\interpreter\linkResolver.cpp, line 766]
Event: 2.187 Thread 0x0000017efd7dca00 Exception <a 'java/lang/NoSuchMethodError'{0x0000000087d09488}: 'java.lang.Object java.lang.invoke.DirectMethodHandle$Holder.newInvokeSpecial(java.lang.Object, java.lang.Object, java.lang.Object, int, java.lang.Object)'> (0x0000000087d09488) 
thrown [e:\jenkins\tmp\workspace\build\src\src\hotspot\share\interpreter\linkResolver.cpp, line 766]
Event: 2.188 Thread 0x0000017efd7dca00 Exception <a 'java/lang/NoSuchMethodError'{0x0000000087d20870}: 'java.lang.Object java.lang.invoke.DirectMethodHandle$Holder.newInvokeSpecial(java.lang.Object, int, java.lang.Object)'> (0x0000000087d20870) 
thrown [e:\jenkins\tmp\workspace\build\src\src\hotspot\share\interpreter\linkResolver.cpp, line 766]
Event: 2.189 Thread 0x0000017efd7dca00 Exception <a 'java/lang/NoSuchMethodError'{0x0000000087d24948}: 'int java.lang.invoke.DirectMethodHandle$Holder.invokeSpecialIFC(java.lang.Object, java.lang.Object, java.lang.Object, java.lang.Object)'> (0x0000000087d24948) 
thrown [e:\jenkins\tmp\workspace\build\src\src\hotspot\share\interpreter\linkResolver.cpp, line 766]
Event: 2.213 Thread 0x0000017efd7dca00 Exception <a 'java/lang/NoSuchMethodError'{0x0000000087de5368}: 'java.lang.Object java.lang.invoke.DirectMethodHandle$Holder.invokeInterface(java.lang.Object, java.lang.Object)'> (0x0000000087de5368) 
thrown [e:\jenkins\tmp\workspace\build\src\src\hotspot\share\interpreter\linkResolver.cpp, line 766]
Event: 2.216 Thread 0x0000017efd7dca00 Exception <a 'java/lang/NoSuchMethodError'{0x0000000087df5d68}: 'void java.lang.invoke.DirectMethodHandle$Holder.invokeInterface(java.lang.Object, java.lang.Object, java.lang.Object)'> (0x0000000087df5d68) 
thrown [e:\jenkins\tmp\workspace\build\src\src\hotspot\share\interpreter\linkResolver.cpp, line 766]
Event: 2.248 Thread 0x0000017efd7dca00 Exception <a 'java/lang/NoSuchMethodError'{0x0000000087c92a58}: 'void java.lang.invoke.DirectMethodHandle$Holder.invokeStaticInit(java.lang.Object, java.lang.Object)'> (0x0000000087c92a58) 
thrown [e:\jenkins\tmp\workspace\build\src\src\hotspot\share\interpreter\linkResolver.cpp, line 766]
Event: 2.249 Thread 0x0000017efd7dca00 Exception <a 'java/lang/NoSuchMethodError'{0x0000000087ca09f8}: 'void java.lang.invoke.DirectMethodHandle$Holder.invokeStaticInit(java.lang.Object, java.lang.Object, java.lang.Object)'> (0x0000000087ca09f8) 
thrown [e:\jenkins\tmp\workspace\build\src\src\hotspot\share\interpreter\linkResolver.cpp, line 766]
Event: 2.262 Thread 0x0000017efd7dca00 Exception <a 'java/lang/NoSuchMethodError'{0x0000000087cf2b28}: 'void java.lang.invoke.DirectMethodHandle$Holder.invokeVirtual(java.lang.Object, java.lang.Object, java.lang.Object, java.lang.Object)'> (0x0000000087cf2b28) 
thrown [e:\jenkins\tmp\workspace\build\src\src\hotspot\share\interpreter\linkResolver.cpp, line 766]
Event: 2.304 Thread 0x0000017efd7dca00 Exception <a 'java/lang/NoSuchMethodError'{0x0000000087a451f8}: 'void java.lang.invoke.DirectMethodHandle$Holder.invokeSpecial(java.lang.Object, java.lang.Object, java.lang.Object)'> (0x0000000087a451f8) 
thrown [e:\jenkins\tmp\workspace\build\src\src\hotspot\share\interpreter\linkResolver.cpp, line 766]
Event: 2.305 Thread 0x0000017efd7dca00 Exception <a 'java/lang/NoSuchMethodError'{0x0000000087a4b7d0}: 'void java.lang.invoke.DirectMethodHandle$Holder.invokeSpecial(java.lang.Object, java.lang.Object, java.lang.Object, java.lang.Object, java.lang.Object)'> (0x0000000087a4b7d0) 
thrown [e:\jenkins\tmp\workspace\build\src\src\hotspot\share\interpreter\linkResolver.cpp, line 766]
Event: 2.361 Thread 0x0000017efd7dd870 Exception <a 'java/lang/NoClassDefFoundError'{0x00000000879991b8}: javax/validation/Validation> (0x00000000879991b8) 
thrown [e:\jenkins\tmp\workspace\build\src\src\hotspot\share\classfile\systemDictionary.cpp, line 245]
Event: 2.413 Thread 0x0000017efd7dd870 Exception <a 'java/lang/NoSuchMethodError'{0x00000000878d1f98}: 'java.lang.Object java.lang.invoke.DirectMethodHandle$Holder.invokeStaticInit(java.lang.Object, java.lang.Object, java.lang.Object)'> (0x00000000878d1f98) 
thrown [e:\jenkins\tmp\workspace\build\src\src\hotspot\share\interpreter\linkResolver.cpp, line 766]
Event: 2.414 Thread 0x0000017efd7dd870 Exception <a 'java/lang/NoSuchMethodError'{0x00000000878d7f28}: 'java.lang.Object java.lang.invoke.DirectMethodHandle$Holder.invokeStaticInit(java.lang.Object, java.lang.Object, java.lang.Object, java.lang.Object, java.lang.Object)'> (0x00000000878d7f28) 
thrown [e:\jenkins\tmp\workspace\build\src\src\hotspot\share\interpreter\linkResolver.cpp, line 766]
Event: 2.528 Thread 0x0000017efd6e9f50 Exception <a 'java/lang/reflect/InvocationTargetException'{0x0000000087201bc0}> (0x0000000087201bc0) 
thrown [e:\jenkins\tmp\workspace\build\src\src\hotspot\share\runtime\reflection.cpp, line 1121]

VM Operations (20 events):
Event: 1.020 Executing VM operation: HandshakeAllThreads done
Event: 1.064 Executing VM operation: HandshakeAllThreads
Event: 1.064 Executing VM operation: HandshakeAllThreads done
Event: 1.252 Executing VM operation: G1CollectForAllocation
Event: 1.268 Executing VM operation: G1CollectForAllocation done
Event: 1.441 Executing VM operation: HandshakeAllThreads
Event: 1.441 Executing VM operation: HandshakeAllThreads done
Event: 1.475 Executing VM operation: HandshakeAllThreads
Event: 1.475 Executing VM operation: HandshakeAllThreads done
Event: 1.591 Executing VM operation: G1CollectForAllocation
Event: 1.596 Executing VM operation: G1CollectForAllocation done
Event: 1.768 Executing VM operation: HandshakeAllThreads
Event: 1.768 Executing VM operation: HandshakeAllThreads done
Event: 2.119 Executing VM operation: G1CollectForAllocation
Event: 2.126 Executing VM operation: G1CollectForAllocation done
Event: 2.167 Executing VM operation: HandshakeAllThreads
Event: 2.167 Executing VM operation: HandshakeAllThreads done
Event: 2.370 Executing VM operation: HandshakeAllThreads
Event: 2.374 Executing VM operation: HandshakeAllThreads done
Event: 2.536 Executing VM operation: CollectForMetadataAllocation

Events (20 events):
Event: 2.468 loading class com/sun/org/apache/xalan/internal/utils/XMLSecurityPropertyManager
Event: 2.469 loading class com/sun/org/apache/xalan/internal/utils/FeaturePropertyBase
Event: 2.469 loading class com/sun/org/apache/xalan/internal/utils/FeaturePropertyBase done
Event: 2.469 loading class com/sun/org/apache/xalan/internal/utils/XMLSecurityPropertyManager done
Event: 2.469 loading class com/sun/org/apache/xalan/internal/utils/FeaturePropertyBase$State
Event: 2.469 loading class com/sun/org/apache/xalan/internal/utils/FeaturePropertyBase$State done
Event: 2.469 loading class com/sun/org/apache/xalan/internal/utils/XMLSecurityPropertyManager$Property
Event: 2.469 loading class com/sun/org/apache/xalan/internal/utils/XMLSecurityPropertyManager$Property done
Event: 2.469 loading class com/sun/org/apache/xalan/internal/utils/XMLSecurityManager
Event: 2.470 loading class com/sun/org/apache/xalan/internal/utils/XMLSecurityManager done
Event: 2.470 loading class com/sun/org/apache/xalan/internal/utils/XMLSecurityManager$Limit
Event: 2.470 loading class com/sun/org/apache/xalan/internal/utils/XMLSecurityManager$Limit done
Event: 2.471 loading class com/sun/org/apache/xalan/internal/utils/XMLSecurityManager$NameMap
Event: 2.471 loading class com/sun/org/apache/xalan/internal/utils/XMLSecurityManager$NameMap done
Event: 2.471 loading class jdk/xml/internal/JdkProperty
Event: 2.471 loading class jdk/xml/internal/JdkProperty done
Event: 2.482 loading class java/io/NotSerializableException
Event: 2.482 loading class java/io/ObjectStreamException
Event: 2.482 loading class java/io/ObjectStreamException done
Event: 2.482 loading class java/io/NotSerializableException done


Dynamic libraries:
0x00007ff7a6150000 - 0x00007ff7a615e000 	C:\Users\ICTS21-23.096\.p2\pool\plugins\org.eclipse.justj.openjdk.hotspot.jre.full.win32.x86_64_17.0.2.v20220201-1208\jre\bin\javaw.exe
0x00007ffab9330000 - 0x00007ffab9530000 	C:\Windows\SYSTEM32\ntdll.dll
0x00007ffab7c80000 - 0x00007ffab7d3c000 	C:\Windows\System32\KERNEL32.DLL
0x00007ffab6d90000 - 0x00007ffab70ef000 	C:\Windows\System32\KERNELBASE.dll
0x00007ffab70f0000 - 0x00007ffab7200000 	C:\Windows\System32\ucrtbase.dll
0x00007ffa9da10000 - 0x00007ffa9da28000 	C:\Users\ICTS21-23.096\.p2\pool\plugins\org.eclipse.justj.openjdk.hotspot.jre.full.win32.x86_64_17.0.2.v20220201-1208\jre\bin\jli.dll
0x00007ffab7580000 - 0x00007ffab7726000 	C:\Windows\System32\USER32.dll
0x00007ffab6ca0000 - 0x00007ffab6cc6000 	C:\Windows\System32\win32u.dll
0x00007ffab7da0000 - 0x00007ffab7dcb000 	C:\Windows\System32\GDI32.dll
0x00007ffab6900000 - 0x00007ffab6a11000 	C:\Windows\System32\gdi32full.dll
0x00007ffab6b80000 - 0x00007ffab6c20000 	C:\Windows\System32\msvcp_win.dll
0x00007ffa8e5d0000 - 0x00007ffa8e5e9000 	C:\Users\ICTS21-23.096\.p2\pool\plugins\org.eclipse.justj.openjdk.hotspot.jre.full.win32.x86_64_17.0.2.v20220201-1208\jre\bin\VCRUNTIME140.dll
0x00007ffaa3830000 - 0x00007ffaa3ad5000 	C:\Windows\WinSxS\amd64_microsoft.windows.common-controls_6595b64144ccf1df_6.0.20348.1_none_88d3d41d702dedea\COMCTL32.dll
0x00007ffab74d0000 - 0x00007ffab7573000 	C:\Windows\System32\msvcrt.dll
0x00007ffab92b0000 - 0x00007ffab92e1000 	C:\Windows\System32\IMM32.DLL
0x00007ffab6770000 - 0x00007ffab67a7000 	C:\Program Files\Citrix\HDX\bin\MfApHook.dll
0x00007ffab6680000 - 0x00007ffab66b4000 	C:\Program Files\Citrix\HDX\bin\CtxMFPlugin64.dll
0x00007ffab7420000 - 0x00007ffab74cc000 	C:\Windows\System32\ADVAPI32.dll
0x00007ffab9200000 - 0x00007ffab929e000 	C:\Windows\System32\sechost.dll
0x00007ffab7300000 - 0x00007ffab741f000 	C:\Windows\System32\RPCRT4.dll
0x00007ffab8200000 - 0x00007ffab8335000 	C:\Windows\System32\ole32.dll
0x00007ffab7740000 - 0x00007ffab7ab1000 	C:\Windows\System32\combase.dll
0x00007ffab7ea0000 - 0x00007ffab7f77000 	C:\Windows\System32\OLEAUT32.dll
0x00007ffab6470000 - 0x00007ffab663f000 	C:\Windows\SYSTEM32\MFPlat.DLL
0x00007ffab8080000 - 0x00007ffab816a000 	C:\Windows\System32\shcore.dll
0x00007ffab6660000 - 0x00007ffab6674000 	C:\Windows\SYSTEM32\WTSAPI32.dll
0x00007ffab63e0000 - 0x00007ffab642c000 	C:\Windows\SYSTEM32\cfgmgr32.dll
0x00007ffab6430000 - 0x00007ffab6462000 	C:\Windows\SYSTEM32\RTWorkQ.DLL
0x00007ffab63c0000 - 0x00007ffab63d7000 	C:\Windows\SYSTEM32\kernel.appcore.dll
0x00007ffab6c20000 - 0x00007ffab6c9e000 	C:\Windows\System32\bcryptPrimitives.dll
0x00007ffab5f10000 - 0x00007ffab62e0000 	C:\Windows\system32\mfcore.dll
0x00007ffaa4b60000 - 0x00007ffaa4b94000 	C:\Program Files\Citrix\HDX\bin\mmhook.dll
0x00007ffab4b50000 - 0x00007ffab4b7c000 	C:\Program Files\Citrix\HDX\bin\SfrHook.dll
0x00007ffab5eb0000 - 0x00007ffab5eda000 	C:\Program Files\Citrix\HDX\bin\ShellHook.dll
0x00007ffab7ad0000 - 0x00007ffab7b2f000 	C:\Windows\System32\SHLWAPI.dll
0x00007ffab5d90000 - 0x00007ffab5eaa000 	C:\Program Files\Citrix\HDX\bin\SCardHook.dll
0x00007ffaa4af0000 - 0x00007ffaa4afc000 	C:\Users\ICTS21-23.096\.p2\pool\plugins\org.eclipse.justj.openjdk.hotspot.jre.full.win32.x86_64_17.0.2.v20220201-1208\jre\bin\vcruntime140_1.dll
0x00007ffa10050000 - 0x00007ffa100e1000 	C:\Users\ICTS21-23.096\.p2\pool\plugins\org.eclipse.justj.openjdk.hotspot.jre.full.win32.x86_64_17.0.2.v20220201-1208\jre\bin\msvcp140.dll
0x00007ff9ec2d0000 - 0x00007ff9ecf17000 	C:\Users\ICTS21-23.096\.p2\pool\plugins\org.eclipse.justj.openjdk.hotspot.jre.full.win32.x86_64_17.0.2.v20220201-1208\jre\bin\server\jvm.dll
0x00007ffab7730000 - 0x00007ffab7738000 	C:\Windows\System32\PSAPI.DLL
0x00007ffaa48d0000 - 0x00007ffaa48d9000 	C:\Windows\SYSTEM32\WSOCK32.dll
0x00007ffab7f80000 - 0x00007ffab7ff1000 	C:\Windows\System32\WS2_32.dll
0x00007ffab0850000 - 0x00007ffab0877000 	C:\Windows\SYSTEM32\WINMM.dll
0x00007ffab0920000 - 0x00007ffab092a000 	C:\Windows\SYSTEM32\VERSION.dll
0x00007ffaa4ec0000 - 0x00007ffaa4eca000 	C:\Users\ICTS21-23.096\.p2\pool\plugins\org.eclipse.justj.openjdk.hotspot.jre.full.win32.x86_64_17.0.2.v20220201-1208\jre\bin\jimage.dll
0x00007ffaa5d10000 - 0x00007ffaa5f22000 	C:\Windows\SYSTEM32\DBGHELP.DLL
0x00007ffaa4ed0000 - 0x00007ffaa4f00000 	C:\Windows\SYSTEM32\dbgcore.DLL
0x00007ffa9dae0000 - 0x00007ffa9db05000 	C:\Users\ICTS21-23.096\.p2\pool\plugins\org.eclipse.justj.openjdk.hotspot.jre.full.win32.x86_64_17.0.2.v20220201-1208\jre\bin\java.dll
0x00007ffa929b0000 - 0x00007ffa929c8000 	C:\Users\ICTS21-23.096\.p2\pool\plugins\org.eclipse.justj.openjdk.hotspot.jre.full.win32.x86_64_17.0.2.v20220201-1208\jre\bin\zip.dll
0x00007ffab8620000 - 0x00007ffab8d7a000 	C:\Windows\System32\SHELL32.dll
0x00007ffaaa600000 - 0x00007ffaaae47000 	C:\Windows\SYSTEM32\windows.storage.dll
0x00007ffab6830000 - 0x00007ffab6851000 	C:\Windows\SYSTEM32\profapi.dll
0x00007ffa90dd0000 - 0x00007ffa90de9000 	C:\Users\ICTS21-23.096\.p2\pool\plugins\org.eclipse.justj.openjdk.hotspot.jre.full.win32.x86_64_17.0.2.v20220201-1208\jre\bin\net.dll
0x00007ffab2040000 - 0x00007ffab214a000 	C:\Windows\SYSTEM32\WINHTTP.dll
0x00007ffab52f0000 - 0x00007ffab5358000 	C:\Windows\system32\mswsock.dll
0x00007ffa8ed00000 - 0x00007ffa8ed15000 	C:\Users\ICTS21-23.096\.p2\pool\plugins\org.eclipse.justj.openjdk.hotspot.jre.full.win32.x86_64_17.0.2.v20220201-1208\jre\bin\nio.dll
0x00007ffa9f160000 - 0x00007ffa9f169000 	C:\Users\ICTS21-23.096\.p2\pool\plugins\org.eclipse.justj.openjdk.hotspot.jre.full.win32.x86_64_17.0.2.v20220201-1208\jre\bin\management.dll
0x00007ffa9f0e0000 - 0x00007ffa9f0eb000 	C:\Users\ICTS21-23.096\.p2\pool\plugins\org.eclipse.justj.openjdk.hotspot.jre.full.win32.x86_64_17.0.2.v20220201-1208\jre\bin\management_ext.dll
0x00007ffaa9a40000 - 0x00007ffaa9a57000 	C:\Windows\system32\napinsp.dll
0x00007ffab50a0000 - 0x00007ffab517d000 	C:\Windows\SYSTEM32\DNSAPI.dll
0x00007ffab5c60000 - 0x00007ffab5c8d000 	C:\Windows\SYSTEM32\IPHLPAPI.DLL
0x00007ffab92a0000 - 0x00007ffab92a9000 	C:\Windows\System32\NSI.dll
0x00007ffaa9a60000 - 0x00007ffaa9a72000 	C:\Windows\System32\winrnr.dll
0x00007ffaa9a20000 - 0x00007ffaa9a3f000 	C:\Windows\system32\nlansp_c.dll
0x00007ffaa9a80000 - 0x00007ffaa9a95000 	C:\Windows\system32\wshbth.dll
0x00007ffab0a90000 - 0x00007ffab0a9a000 	C:\Windows\System32\rasadhlp.dll
0x00007ffab2ac0000 - 0x00007ffab2b41000 	C:\Windows\System32\fwpuclnt.dll
0x00007ffab5920000 - 0x00007ffab5938000 	C:\Windows\SYSTEM32\CRYPTSP.dll
0x00007ffab4ed0000 - 0x00007ffab4f05000 	C:\Windows\system32\rsaenh.dll
0x00007ffab5390000 - 0x00007ffab53be000 	C:\Windows\SYSTEM32\USERENV.dll
0x00007ffab5960000 - 0x00007ffab5987000 	C:\Windows\SYSTEM32\bcrypt.dll
0x00007ffab54e0000 - 0x00007ffab54ec000 	C:\Windows\SYSTEM32\CRYPTBASE.dll
0x00007ffab2610000 - 0x00007ffab2629000 	C:\Windows\SYSTEM32\dhcpcsvc6.DLL
0x00007ffab25f0000 - 0x00007ffab260d000 	C:\Windows\SYSTEM32\dhcpcsvc.DLL
0x00007ffaa4eb0000 - 0x00007ffaa4ec0000 	C:\Users\ICTS21-23.096\.p2\pool\plugins\org.eclipse.justj.openjdk.hotspot.jre.full.win32.x86_64_17.0.2.v20220201-1208\jre\bin\verify.dll

dbghelp: loaded successfully - version: 4.0.5 - missing functions: none
symbol engine: initialized successfully - sym options: 0x614 - pdb path: .;C:\Users\ICTS21-23.096\.p2\pool\plugins\org.eclipse.justj.openjdk.hotspot.jre.full.win32.x86_64_17.0.2.v20220201-1208\jre\bin;C:\Windows\SYSTEM32;C:\Windows\WinSxS\amd64_microsoft.windows.common-controls_6595b64144ccf1df_6.0.20348.1_none_88d3d41d702dedea;C:\Program Files\Citrix\HDX\bin;C:\Users\ICTS21-23.096\.p2\pool\plugins\org.eclipse.justj.openjdk.hotspot.jre.full.win32.x86_64_17.0.2.v20220201-1208\jre\bin\server

VM Arguments:
jvm_args: -Dcom.sun.management.jmxremote -Dcom.sun.management.jmxremote.port=60454 -Dcom.sun.management.jmxremote.authenticate=false -Dcom.sun.management.jmxremote.ssl=false -Djava.rmi.server.hostname=localhost -Dspring.jmx.enabled=true -Dspring.application.admin.enabled=true -XX:TieredStopAtLevel=1 -Dspring.boot.project.name=Magazzino.spring -Dfile.encoding=UTF-8 -XX:+ShowCodeDetailsInExceptionMessages 
java_command: com.saldana.Application
java_class_path (initial): C:\Users\ICTS21-23.096\Desktop\Programmazione\Esercizi Java\WorkspaceJava\Magazzino.spring\target\classes;C:\Users\ICTS21-23.096\.m2\repository\org\springframework\boot\spring-boot-starter-data-jpa\2.6.7\spring-boot-starter-data-jpa-2.6.7.jar;C:\Users\ICTS21-23.096\.m2\repository\org\springframework\boot\spring-boot-starter-aop\2.6.7\spring-boot-starter-aop-2.6.7.jar;C:\Users\ICTS21-23.096\.m2\repository\org\springframework\spring-aop\5.3.19\spring-aop-5.3.19.jar;C:\Users\ICTS21-23.096\.m2\repository\org\aspectj\aspectjweaver\1.9.7\aspectjweaver-1.9.7.jar;C:\Users\ICTS21-23.096\.m2\repository\org\springframework\boot\spring-boot-starter-jdbc\2.6.7\spring-boot-starter-jdbc-2.6.7.jar;C:\Users\ICTS21-23.096\.m2\repository\com\zaxxer\HikariCP\4.0.3\HikariCP-4.0.3.jar;C:\Users\ICTS21-23.096\.m2\repository\org\springframework\spring-jdbc\5.3.19\spring-jdbc-5.3.19.jar;C:\Users\ICTS21-23.096\.m2\repository\jakarta\transaction\jakarta.transaction-api\1.3.3\jakarta.transaction-api-1.3.3.jar;C:\Users\ICTS21-23.096\.m2\repository\jakarta\persistence\jakarta.persistence-api\2.2.3\jakarta.persistence-api-2.2.3.jar;C:\Users\ICTS21-23.096\.m2\repository\org\hibernate\hibernate-core\5.6.8.Final\hibernate-core-5.6.8.Final.jar;C:\Users\ICTS21-23.096\.m2\repository\org\jboss\logging\jboss-logging\3.4.3.Final\jboss-logging-3.4.3.Final.jar;C:\Users\ICTS21-23.096\.m2\repository\net\bytebuddy\byte-buddy\1.11.22\byte-buddy-1.11.22.jar;C:\Users\ICTS21-23.096\.m2\repository\antlr\antlr\2.7.7\antlr-2.7.7.jar;C:\Users\ICTS21-23.096\.m2\repository\org\jboss\jandex\2.4.2.Final\jandex-2.4.2.Final.jar;C:\Users\ICTS21-23.096\.m2\repository\com\fasterxml\classmate\1.5.1\classmate-1.5.1.jar;C:\Users\ICTS21-23.096\.m2\repository\org\hibernate\common\hibernate-commons-annotations\5.1.2.Final\hibernate-commons-annotations-5.1.2.Final.jar;C:\Users\ICTS21-23.096\.m2\repository\org\glassfish\jaxb\jaxb-runtime\2.3.6\jaxb-runtime-2.3.6.jar;C:\Users\ICTS21-23.096\.m2\repository\org
Launcher Type: SUN_STANDARD

[Global flags]
     intx CICompilerCount                          = 2                                         {product} {ergonomic}
     uint ConcGCThreads                            = 1                                         {product} {ergonomic}
     uint G1ConcRefinementThreads                  = 2                                         {product} {ergonomic}
   size_t G1HeapRegionSize                         = 1048576                                   {product} {ergonomic}
    uintx GCDrainStackTargetSize                   = 64                                        {product} {ergonomic}
   size_t InitialHeapSize                          = 134217728                                 {product} {ergonomic}
     bool ManagementServer                         = true                                      {product} {command line}
   size_t MarkStackSize                            = 4194304                                   {product} {ergonomic}
   size_t MaxHeapSize                              = 2147483648                                {product} {ergonomic}
   size_t MaxNewSize                               = 1287651328                                {product} {ergonomic}
   size_t MinHeapDeltaBytes                        = 1048576                                   {product} {ergonomic}
   size_t MinHeapSize                              = 8388608                                   {product} {ergonomic}
    uintx NonProfiledCodeHeapSize                  = 0                                      {pd product} {ergonomic}
     bool ProfileInterpreter                       = false                                  {pd product} {command line}
    uintx ProfiledCodeHeapSize                     = 0                                      {pd product} {ergonomic}
     bool ShowCodeDetailsInExceptionMessages       = true                                   {manageable} {command line}
   size_t SoftMaxHeapSize                          = 2147483648                             {manageable} {ergonomic}
     intx TieredStopAtLevel                        = 1                                         {product} {command line}
     bool UseCompressedClassPointers               = true                           {product lp64_product} {ergonomic}
     bool UseCompressedOops                        = true                           {product lp64_product} {ergonomic}
     bool UseG1GC                                  = true                                      {product} {ergonomic}
     bool UseLargePagesIndividualAllocation        = false                                  {pd product} {ergonomic}

Logging:
Log output configuration:
 #0: stdout all=warning uptime,level,tags
 #1: stderr all=off uptime,level,tags

Environment Variables:
PATH=C:/Users/ICTS21-23.096/.p2/pool/plugins/org.eclipse.justj.openjdk.hotspot.jre.full.win32.x86_64_17.0.2.v20220201-1208/jre/bin/server;C:/Users/ICTS21-23.096/.p2/pool/plugins/org.eclipse.justj.openjdk.hotspot.jre.full.win32.x86_64_17.0.2.v20220201-1208/jre/bin;C:\Program Files\Eclipse Adoptium\jdk-17.0.2.8-hotspot\bin;C:\Program Files (x86)\Common Files\Oracle\Java\javapath;C:\Program Files (x86)\Common Files\Intel\Shared Libraries\redist\intel64\compiler;C:\Windows\system32;C:\Windows;C:\Windows\System32\Wbem;C:\Windows\System32\WindowsPowerShell\v1.0\;C:\Windows\System32\OpenSSH\;C:\Program Files\nodejs\;C:\Program Files\Microsoft VS Code\bin;C:\Program Files (x86)\Citrix\HDX\bin\;C:\Program Files\Citrix\HDX\bin\;C:\Program Files\Docker\Docker\resources\bin;C:\ProgramData\DockerDesktop\version-bin;C:\Program Files\Microsoft SQL Server\150\Tools\Binn\;C:\Program Files\Microsoft SQL Server\Client SDK\ODBC\170\Tools\Binn\;C:\Program Files (x86)\Microsoft SQL Server\150\Tools\Binn\;C:\Program Files\Microsoft SQL Server\150\DTS\Binn\;C:\Program Files (x86)\Microsoft SQL Server\150\DTS\Binn\;C:\Program Files\Azure Data Studio\bin;C:\Program Files\Git\cmd;C:\Program Files\dotnet\;C:\Users\ICTS21-23.096\AppData\Local\Microsoft\WindowsApps;C:\Users\ICTS21-23.096\MinGW\bin;C:\Users\ICTS21-23.096\.dotnet\tools;C:\Users\ICTS21-23.096\AppData\Local\GitHubDesktop\bin;C:\Program Files\Azure Data Studio\bin;C:\Windows\system32;
USERNAME=ICTS21-23.096
OS=Windows_NT
PROCESSOR_IDENTIFIER=Intel64 Family 6 Model 79 Stepping 1, GenuineIntel



---------------  S Y S T E M  ---------------

OS:
 Windows Server 2022 , 64 bit Build 20348 (10.0.20348.320)
OS uptime: 11 days 0:19 hours
Hyper-V role detected

CPU: total 2 (initial active 2) (2 cores per cpu, 1 threads per core) family 6 model 79 stepping 1 microcode 0xb000040, cx8, cmov, fxsr, mmx, 3dnowpref, sse, sse2, sse3, ssse3, sse4.1, sse4.2, popcnt, lzcnt, tsc, tscinvbit, avx, avx2, aes, erms, clmul, bmi1, bmi2, adx, fma, vzeroupper, clflush, hv

Memory: 4k page, system-wide physical 8191M (226M free)
TotalPageFile size 27316M (AvailPageFile size 28M)
current process WorkingSet (physical memory assigned to process): 92M, peak: 92M
current process commit charge ("private bytes"): 218M, peak: 244M

vm_info: OpenJDK 64-Bit Server VM (17.0.2+8) for windows-amd64 JRE (17.0.2+8), built on Jan 20 2022 04:52:34 by "" with MS VC++ 16.7 (VS2019)

END.
